<?xml version="1.0" encoding="UTF-8"?>
<testsuite xmlns:xsi="http://www.w3.org/2001/XMLSchema-instance" xsi:noNamespaceSchemaLocation="https://maven.apache.org/surefire/maven-surefire-plugin/xsd/surefire-test-report-3.0.xsd" version="3.0" name="com.knoldus.quarkus.resource.EmployeeResourceTest" time="6.71" tests="3" errors="0" skipped="0" failures="0">
  <properties>
[...]
</properties>
  <testcase name="shouldReturnAcceptedForValidRequest" classname="com.knoldus.quarkus.resource.EmployeeResourceTest" time="1.38">
    <system-out><![CDATA[2022-09-19 16:14:48,174 INFO  [io.sma.rea.mes.kafka] (main) SRMSG18229: Configured topics for channel 'employee-in': [employee]
2022-09-19 16:14:48,504 INFO  [io.sma.rea.mes.kafka] (main) SRMSG18258: Kafka producer kafka-producer-employee-out, connected to Kafka brokers 'localhost:9092', is configured to write records to 'employee'
2022-09-19 16:14:48,537 INFO  [io.sma.rea.mes.kafka] (smallrye-kafka-consumer-thread-0) SRMSG18257: Kafka consumer kafka-consumer-employee-in, connected to Kafka brokers 'localhost:9092', belongs to the 'quarkus-with-kafka' consumer group and is configured to poll records from [employee]
2022-09-19 16:14:48,634 INFO  [io.quarkus] (main) quarkus-with-kafka 1.0.0-SNAPSHOT on JVM (powered by Quarkus 2.12.2.Final) started in 2.939s. Listening on: http://localhost:8081
2022-09-19 16:14:48,634 INFO  [io.quarkus] (main) Profile test activated. 
2022-09-19 16:14:48,634 INFO  [io.quarkus] (main) Installed features: [cdi, hibernate-validator, kafka-client, resteasy-reactive, resteasy-reactive-jackson, smallrye-context-propagation, smallrye-health, smallrye-reactive-messaging, smallrye-reactive-messaging-kafka, vertx]
2022-09-19 16:14:48,844 INFO  [com.kno.qua.uti.EmployeeDeserializer] (smallrye-kafka-consumer-thread-0) Deserializing...
2022-09-19 16:14:48,883 INFO  [com.kno.qua.uti.EmployeeDeserializer] (smallrye-kafka-consumer-thread-0) Deserializing...
2022-09-19 16:14:49,893 INFO  [io.sma.rea.mes.kafka] (vert.x-eventloop-thread-3) SRMSG18256: Initialize record store for topic-partition 'employee-0' at position 16.
2022-09-19 16:14:49,910 INFO  [com.kno.qua.con.EmployeeConsumer] (vert.x-eventloop-thread-3) New employee null null joined with employee code null
2022-09-19 16:14:49,913 INFO  [com.kno.qua.con.EmployeeConsumer] (vert.x-eventloop-thread-3) New employee null null joined with employee code null
2022-09-19 16:14:49,959 INFO  [com.kno.qua.uti.EmployeeSerializer] (smallrye-kafka-producer-thread-0) Serializing...
2022-09-19 16:14:49,971 INFO  [com.kno.qua.uti.EmployeeDeserializer] (smallrye-kafka-consumer-thread-0) Deserializing...
2022-09-19 16:14:49,973 INFO  [com.kno.qua.con.EmployeeConsumer] (vert.x-eventloop-thread-3) New employee Test Quarkus joined with employee code EmpCode
]]></system-out>
  </testcase>
  <testcase name="shouldReturnBadRequestForInvalidRequest(Employee)[1]" classname="com.knoldus.quarkus.resource.EmployeeResourceTest" time="0.334"/>
  <testcase name="shouldReturnBadRequestForInvalidRequest(Employee)[2]" classname="com.knoldus.quarkus.resource.EmployeeResourceTest" time="0.02"/>
</testsuite>